0 info it worked if it ends with ok
1 verbose cli [ 'C:\\Program Files\\nodejs\\node.exe',
1 verbose cli   'C:\\Users\\YasothaC\\AppData\\Roaming\\npm\\node_modules\\npm\\bin\\npm-cli.js',
1 verbose cli   'run',
1 verbose cli   'serve' ]
2 info using npm@4.1.1
3 info using node@v7.1.0
4 verbose run-script [ 'preserve', 'serve', 'postserve' ]
5 info lifecycle session-v@1.0.0~preserve: session-v@1.0.0
6 silly lifecycle session-v@1.0.0~preserve: no script for preserve, continuing
7 info lifecycle session-v@1.0.0~serve: session-v@1.0.0
8 verbose lifecycle session-v@1.0.0~serve: unsafe-perm in lifecycle true
9 verbose lifecycle session-v@1.0.0~serve: PATH: C:\Users\YasothaC\AppData\Roaming\npm\node_modules\npm\bin\node-gyp-bin;C:\Users\YasothaC\Documents\Code\Angular2\Login\node_modules\.bin;C:\Users\YasothaC\AppData\Roaming\npm\node_modules\npm\bin\node-gyp-bin;C:\Users\YasothaC\Documents\Code\Angular2\Login\node_modules\.bin;C:\WINDOWS\system32;C:\WINDOWS;C:\WINDOWS\System32\Wbem;C:\WINDOWS\System32\WindowsPowerShell\v1.0\;C:\Users\YasothaC\.dnx\bin;C:\Program Files\Microsoft DNX\Dnvm\;C:\Program Files\Microsoft SQL Server\120\Tools\Binn\;C:\Program Files (x86)\Skype\Phone\;C:\Program Files (x86)\Windows Kits\8.1\Windows Performance Toolkit\;C:\Program Files\Microsoft SQL Server\110\Tools\Binn\;C:\Program Files (x86)\Microsoft SDKs\TypeScript\1.7\;c:\Program Files (x86)\Microsoft SQL Server\110\Tools\Binn\ManagementStudio\;c:\Program Files (x86)\Microsoft SQL Server\110\Tools\Binn\;c:\Program Files (x86)\Microsoft SQL Server\110\DTS\Binn\;C:\Program Files\Microsoft SQL Server\110\DTS\Binn\;C:\Program Files (x86)\Microsoft Visual Studio 10.0\Common7\IDE\PrivateAssemblies\;C:\HashiCorp\Vagrant\bin;C:\Program Files\nodejs\;C:\Program Files\Git\cmd;C:\Users\YasothaC\AppData\Local\Microsoft\WindowsApps;C:\Users\YasothaC\AppData\Roaming\npm;C:\Program Files (x86)\Microsoft VS Code\bin
10 verbose lifecycle session-v@1.0.0~serve: CWD: C:\Users\YasothaC\Documents\Code\Angular2\Login
11 silly lifecycle session-v@1.0.0~serve: Args: [ '/d /s /c', 'lite-server' ]
12 silly lifecycle session-v@1.0.0~serve: Returned: code: 1  signal: null
13 info lifecycle session-v@1.0.0~serve: Failed to exec serve script
14 verbose stack Error: session-v@1.0.0 serve: `lite-server`
14 verbose stack Exit status 1
14 verbose stack     at EventEmitter.<anonymous> (C:\Users\YasothaC\AppData\Roaming\npm\node_modules\npm\lib\utils\lifecycle.js:279:16)
14 verbose stack     at emitTwo (events.js:106:13)
14 verbose stack     at EventEmitter.emit (events.js:191:7)
14 verbose stack     at ChildProcess.<anonymous> (C:\Users\YasothaC\AppData\Roaming\npm\node_modules\npm\lib\utils\spawn.js:40:14)
14 verbose stack     at emitTwo (events.js:106:13)
14 verbose stack     at ChildProcess.emit (events.js:191:7)
14 verbose stack     at maybeClose (internal/child_process.js:885:16)
14 verbose stack     at Process.ChildProcess._handle.onexit (internal/child_process.js:226:5)
15 verbose pkgid session-v@1.0.0
16 verbose cwd C:\Users\YasothaC\Documents\Code\Angular2\Login
17 error Windows_NT 10.0.14393
18 error argv "C:\\Program Files\\nodejs\\node.exe" "C:\\Users\\YasothaC\\AppData\\Roaming\\npm\\node_modules\\npm\\bin\\npm-cli.js" "run" "serve"
19 error node v7.1.0
20 error npm  v4.1.1
21 error code ELIFECYCLE
22 error session-v@1.0.0 serve: `lite-server`
22 error Exit status 1
23 error Failed at the session-v@1.0.0 serve script 'lite-server'.
23 error Make sure you have the latest version of node.js and npm installed.
23 error If you do, this is most likely a problem with the session-v package,
23 error not with npm itself.
23 error Tell the author that this fails on your system:
23 error     lite-server
23 error You can get information on how to open an issue for this project with:
23 error     npm bugs session-v
23 error Or if that isn't available, you can get their info via:
23 error     npm owner ls session-v
23 error There is likely additional logging output above.
24 verbose exit [ 1, true ]
